{"/Users/layssayuuna/Documents/Flit/Módulo 3/Seção 2/2.1/script.js": {"path":"/Users/layssayuuna/Documents/Flit/Módulo 3/Seção 2/2.1/script.js","statementMap":{"0":{"start":{"line":2,"column":13},"end":{"line":2,"column":17}},"1":{"start":{"line":3,"column":2},"end":{"line":6,"column":3}},"2":{"start":{"line":4,"column":4},"end":{"line":4,"column":47}},"3":{"start":{"line":5,"column":4},"end":{"line":5,"column":15}},"4":{"start":{"line":7,"column":2},"end":{"line":10,"column":3}},"5":{"start":{"line":8,"column":4},"end":{"line":8,"column":47}},"6":{"start":{"line":9,"column":4},"end":{"line":9,"column":15}},"7":{"start":{"line":13,"column":2},"end":{"line":13,"column":73}},"8":{"start":{"line":14,"column":20},"end":{"line":14,"column":42}},"9":{"start":{"line":15,"column":2},"end":{"line":15,"column":45}},"10":{"start":{"line":19,"column":13},"end":{"line":19,"column":17}},"11":{"start":{"line":20,"column":2},"end":{"line":22,"column":3}},"12":{"start":{"line":21,"column":4},"end":{"line":21,"column":15}},"13":{"start":{"line":23,"column":24},"end":{"line":23,"column":25}},"14":{"start":{"line":24,"column":25},"end":{"line":24,"column":26}},"15":{"start":{"line":26,"column":2},"end":{"line":28,"column":5}},"16":{"start":{"line":27,"column":4},"end":{"line":27,"column":69}},"17":{"start":{"line":29,"column":2},"end":{"line":35,"column":3}},"18":{"start":{"line":30,"column":4},"end":{"line":30,"column":19}},"19":{"start":{"line":31,"column":9},"end":{"line":35,"column":3}},"20":{"start":{"line":32,"column":4},"end":{"line":32,"column":19}},"21":{"start":{"line":33,"column":9},"end":{"line":35,"column":3}},"22":{"start":{"line":34,"column":4},"end":{"line":34,"column":19}},"23":{"start":{"line":37,"column":21},"end":{"line":37,"column":36}},"24":{"start":{"line":38,"column":21},"end":{"line":38,"column":45}},"25":{"start":{"line":39,"column":2},"end":{"line":39,"column":34}},"26":{"start":{"line":43,"column":13},"end":{"line":43,"column":17}},"27":{"start":{"line":44,"column":2},"end":{"line":46,"column":3}},"28":{"start":{"line":45,"column":4},"end":{"line":45,"column":15}},"29":{"start":{"line":47,"column":16},"end":{"line":47,"column":17}},"30":{"start":{"line":48,"column":17},"end":{"line":48,"column":18}},"31":{"start":{"line":50,"column":2},"end":{"line":52,"column":5}},"32":{"start":{"line":51,"column":4},"end":{"line":51,"column":53}},"33":{"start":{"line":54,"column":2},"end":{"line":54,"column":39}},"34":{"start":{"line":55,"column":2},"end":{"line":63,"column":3}},"35":{"start":{"line":55,"column":15},"end":{"line":55,"column":16}},"36":{"start":{"line":56,"column":4},"end":{"line":58,"column":5}},"37":{"start":{"line":57,"column":6},"end":{"line":57,"column":44}},"38":{"start":{"line":60,"column":4},"end":{"line":62,"column":5}},"39":{"start":{"line":61,"column":6},"end":{"line":61,"column":44}},"40":{"start":{"line":65,"column":2},"end":{"line":65,"column":26}},"41":{"start":{"line":67,"column":0},"end":{"line":67,"column":77}}},"fnMap":{"0":{"name":"calcularCombustivel","decl":{"start":{"line":1,"column":9},"end":{"line":1,"column":28}},"loc":{"start":{"line":1,"column":63},"end":{"line":16,"column":1}},"line":1},"1":{"name":"numeroDeParadas","decl":{"start":{"line":18,"column":9},"end":{"line":18,"column":24}},"loc":{"start":{"line":18,"column":50},"end":{"line":40,"column":1}},"line":18},"2":{"name":"(anonymous_2)","decl":{"start":{"line":26,"column":22},"end":{"line":26,"column":23}},"loc":{"start":{"line":26,"column":38},"end":{"line":28,"column":3}},"line":26},"3":{"name":"numeroDeRefeicoes","decl":{"start":{"line":42,"column":9},"end":{"line":42,"column":26}},"loc":{"start":{"line":42,"column":54},"end":{"line":66,"column":1}},"line":42},"4":{"name":"(anonymous_4)","decl":{"start":{"line":50,"column":22},"end":{"line":50,"column":23}},"loc":{"start":{"line":50,"column":38},"end":{"line":52,"column":3}},"line":50}},"branchMap":{"0":{"loc":{"start":{"line":3,"column":2},"end":{"line":6,"column":3}},"type":"if","locations":[{"start":{"line":3,"column":2},"end":{"line":6,"column":3}},{"start":{},"end":{}}],"line":3},"1":{"loc":{"start":{"line":3,"column":5},"end":{"line":3,"column":63}},"type":"binary-expr","locations":[{"start":{"line":3,"column":5},"end":{"line":3,"column":24}},{"start":{"line":3,"column":28},"end":{"line":3,"column":63}}],"line":3},"2":{"loc":{"start":{"line":7,"column":2},"end":{"line":10,"column":3}},"type":"if","locations":[{"start":{"line":7,"column":2},"end":{"line":10,"column":3}},{"start":{},"end":{}}],"line":7},"3":{"loc":{"start":{"line":7,"column":5},"end":{"line":7,"column":106}},"type":"binary-expr","locations":[{"start":{"line":7,"column":5},"end":{"line":7,"column":40}},{"start":{"line":7,"column":44},"end":{"line":7,"column":74}},{"start":{"line":7,"column":78},"end":{"line":7,"column":106}}],"line":7},"4":{"loc":{"start":{"line":13,"column":2},"end":{"line":13,"column":72}},"type":"cond-expr","locations":[{"start":{"line":13,"column":36},"end":{"line":13,"column":51}},{"start":{"line":13,"column":56},"end":{"line":13,"column":71}}],"line":13},"5":{"loc":{"start":{"line":20,"column":2},"end":{"line":22,"column":3}},"type":"if","locations":[{"start":{"line":20,"column":2},"end":{"line":22,"column":3}},{"start":{},"end":{}}],"line":20},"6":{"loc":{"start":{"line":20,"column":5},"end":{"line":20,"column":69}},"type":"binary-expr","locations":[{"start":{"line":20,"column":5},"end":{"line":20,"column":17}},{"start":{"line":20,"column":21},"end":{"line":20,"column":51}},{"start":{"line":20,"column":55},"end":{"line":20,"column":69}}],"line":20},"7":{"loc":{"start":{"line":27,"column":4},"end":{"line":27,"column":68}},"type":"cond-expr","locations":[{"start":{"line":27,"column":30},"end":{"line":27,"column":47}},{"start":{"line":27,"column":50},"end":{"line":27,"column":68}}],"line":27},"8":{"loc":{"start":{"line":29,"column":2},"end":{"line":35,"column":3}},"type":"if","locations":[{"start":{"line":29,"column":2},"end":{"line":35,"column":3}},{"start":{"line":31,"column":9},"end":{"line":35,"column":3}}],"line":29},"9":{"loc":{"start":{"line":29,"column":6},"end":{"line":29,"column":51}},"type":"binary-expr","locations":[{"start":{"line":29,"column":6},"end":{"line":29,"column":25}},{"start":{"line":29,"column":29},"end":{"line":29,"column":51}}],"line":29},"10":{"loc":{"start":{"line":31,"column":9},"end":{"line":35,"column":3}},"type":"if","locations":[{"start":{"line":31,"column":9},"end":{"line":35,"column":3}},{"start":{"line":33,"column":9},"end":{"line":35,"column":3}}],"line":31},"11":{"loc":{"start":{"line":33,"column":9},"end":{"line":35,"column":3}},"type":"if","locations":[{"start":{"line":33,"column":9},"end":{"line":35,"column":3}},{"start":{},"end":{}}],"line":33},"12":{"loc":{"start":{"line":44,"column":2},"end":{"line":46,"column":3}},"type":"if","locations":[{"start":{"line":44,"column":2},"end":{"line":46,"column":3}},{"start":{},"end":{}}],"line":44},"13":{"loc":{"start":{"line":44,"column":5},"end":{"line":44,"column":73}},"type":"binary-expr","locations":[{"start":{"line":44,"column":5},"end":{"line":44,"column":17}},{"start":{"line":44,"column":21},"end":{"line":44,"column":53}},{"start":{"line":44,"column":57},"end":{"line":44,"column":73}}],"line":44},"14":{"loc":{"start":{"line":51,"column":4},"end":{"line":51,"column":52}},"type":"cond-expr","locations":[{"start":{"line":51,"column":30},"end":{"line":51,"column":39}},{"start":{"line":51,"column":42},"end":{"line":51,"column":52}}],"line":51},"15":{"loc":{"start":{"line":56,"column":4},"end":{"line":58,"column":5}},"type":"if","locations":[{"start":{"line":56,"column":4},"end":{"line":58,"column":5}},{"start":{},"end":{}}],"line":56},"16":{"loc":{"start":{"line":56,"column":8},"end":{"line":56,"column":28}},"type":"binary-expr","locations":[{"start":{"line":56,"column":8},"end":{"line":56,"column":19}},{"start":{"line":56,"column":23},"end":{"line":56,"column":28}}],"line":56},"17":{"loc":{"start":{"line":60,"column":4},"end":{"line":62,"column":5}},"type":"if","locations":[{"start":{"line":60,"column":4},"end":{"line":62,"column":5}},{"start":{},"end":{}}],"line":60}},"s":{"0":4,"1":4,"2":1,"3":1,"4":3,"5":1,"6":1,"7":2,"8":2,"9":2,"10":5,"11":5,"12":2,"13":3,"14":3,"15":3,"16":9,"17":3,"18":1,"19":2,"20":1,"21":1,"22":1,"23":3,"24":3,"25":3,"26":3,"27":3,"28":0,"29":3,"30":3,"31":3,"32":9,"33":3,"34":3,"35":3,"36":19,"37":7,"38":19,"39":9,"40":3,"41":1},"f":{"0":4,"1":5,"2":9,"3":3,"4":9},"b":{"0":[1,3],"1":[4,3],"2":[1,2],"3":[3,3,2],"4":[1,1],"5":[2,3],"6":[5,5,4],"7":[6,3],"8":[1,2],"9":[3,3],"10":[1,1],"11":[1,0],"12":[0,3],"13":[3,3,3],"14":[6,3],"15":[7,12],"16":[19,10],"17":[9,10]},"_coverageSchema":"1a1c01bbd47fc00a2c39e90264f33305004495a9","hash":"2afadbb24ada7339b64ebc1676d3197e84810e26"}
}
