TN:
SF:script.js
FN:1,calcularCombustivel
FN:18,numeroDeParadas
FN:26,(anonymous_2)
FN:42,numeroDeRefeicoes
FN:50,(anonymous_4)
FNF:5
FNH:5
FNDA:4,calcularCombustivel
FNDA:5,numeroDeParadas
FNDA:9,(anonymous_2)
FNDA:3,numeroDeRefeicoes
FNDA:9,(anonymous_4)
DA:2,4
DA:3,4
DA:4,1
DA:5,1
DA:7,3
DA:8,1
DA:9,1
DA:13,2
DA:14,2
DA:15,2
DA:19,5
DA:20,5
DA:21,2
DA:23,3
DA:24,3
DA:26,3
DA:27,9
DA:29,3
DA:30,1
DA:31,2
DA:32,1
DA:33,1
DA:34,1
DA:37,3
DA:38,3
DA:39,3
DA:43,3
DA:44,3
DA:45,0
DA:47,3
DA:48,3
DA:50,3
DA:51,9
DA:54,3
DA:55,3
DA:56,19
DA:57,7
DA:60,19
DA:61,9
DA:65,3
DA:67,1
LF:41
LH:40
BRDA:3,0,0,1
BRDA:3,0,1,3
BRDA:3,1,0,4
BRDA:3,1,1,3
BRDA:7,2,0,1
BRDA:7,2,1,2
BRDA:7,3,0,3
BRDA:7,3,1,3
BRDA:7,3,2,2
BRDA:13,4,0,1
BRDA:13,4,1,1
BRDA:20,5,0,2
BRDA:20,5,1,3
BRDA:20,6,0,5
BRDA:20,6,1,5
BRDA:20,6,2,4
BRDA:27,7,0,6
BRDA:27,7,1,3
BRDA:29,8,0,1
BRDA:29,8,1,2
BRDA:29,9,0,3
BRDA:29,9,1,3
BRDA:31,10,0,1
BRDA:31,10,1,1
BRDA:33,11,0,1
BRDA:33,11,1,0
BRDA:44,12,0,0
BRDA:44,12,1,3
BRDA:44,13,0,3
BRDA:44,13,1,3
BRDA:44,13,2,3
BRDA:51,14,0,6
BRDA:51,14,1,3
BRDA:56,15,0,7
BRDA:56,15,1,12
BRDA:56,16,0,19
BRDA:56,16,1,10
BRDA:60,17,0,9
BRDA:60,17,1,10
BRF:39
BRH:37
end_of_record
